The system is: Darwin - 16.4.0 - x86_64
Compiling the C compiler identification source file "CMakeCCompilerId.c" succeeded.
Compiler: /Library/Developer/CommandLineTools/usr/bin/cc 
Build flags: 
Id flags: 

The output was:
0


Compilation of the C compiler identification source "CMakeCCompilerId.c" produced "a.out"

The C compiler identification is AppleClang, found in "/Users/cameron/school/cpe471/dice/build/CMakeFiles/3.7.1/CompilerIdC/a.out"

Compiling the CXX compiler identification source file "CMakeCXXCompilerId.cpp" succeeded.
Compiler: /Library/Developer/CommandLineTools/usr/bin/c++ 
Build flags: 
Id flags: 

The output was:
0


Compilation of the CXX compiler identification source "CMakeCXXCompilerId.cpp" produced "a.out"

The CXX compiler identification is AppleClang, found in "/Users/cameron/school/cpe471/dice/build/CMakeFiles/3.7.1/CompilerIdCXX/a.out"

Determining if the C compiler works passed with the following output:
Change Dir: /Users/cameron/school/cpe471/dice/build/CMakeFiles/CMakeTmp

Run Build Command:"/usr/bin/make" "cmTC_91fa0/fast"
/Library/Developer/CommandLineTools/usr/bin/make -f CMakeFiles/cmTC_91fa0.dir/build.make CMakeFiles/cmTC_91fa0.dir/build
Building C object CMakeFiles/cmTC_91fa0.dir/testCCompiler.c.o
/Library/Developer/CommandLineTools/usr/bin/cc     -o CMakeFiles/cmTC_91fa0.dir/testCCompiler.c.o   -c /Users/cameron/school/cpe471/dice/build/CMakeFiles/CMakeTmp/testCCompiler.c
Linking C executable cmTC_91fa0
/usr/local/Cellar/cmake/3.7.1/bin/cmake -E cmake_link_script CMakeFiles/cmTC_91fa0.dir/link.txt --verbose=1
/Library/Developer/CommandLineTools/usr/bin/cc    -Wl,-search_paths_first -Wl,-headerpad_max_install_names   CMakeFiles/cmTC_91fa0.dir/testCCompiler.c.o  -o cmTC_91fa0  


Detecting C compiler ABI info compiled with the following output:
Change Dir: /Users/cameron/school/cpe471/dice/build/CMakeFiles/CMakeTmp

Run Build Command:"/usr/bin/make" "cmTC_c65e9/fast"
/Library/Developer/CommandLineTools/usr/bin/make -f CMakeFiles/cmTC_c65e9.dir/build.make CMakeFiles/cmTC_c65e9.dir/build
Building C object CMakeFiles/cmTC_c65e9.dir/CMakeCCompilerABI.c.o
/Library/Developer/CommandLineTools/usr/bin/cc     -o CMakeFiles/cmTC_c65e9.dir/CMakeCCompilerABI.c.o   -c /usr/local/Cellar/cmake/3.7.1/share/cmake/Modules/CMakeCCompilerABI.c
Linking C executable cmTC_c65e9
/usr/local/Cellar/cmake/3.7.1/bin/cmake -E cmake_link_script CMakeFiles/cmTC_c65e9.dir/link.txt --verbose=1
/Library/Developer/CommandLineTools/usr/bin/cc    -Wl,-search_paths_first -Wl,-headerpad_max_install_names  -v -Wl,-v CMakeFiles/cmTC_c65e9.dir/CMakeCCompilerABI.c.o  -o cmTC_c65e9   
Apple LLVM version 8.0.0 (clang-800.0.42.1)
Target: x86_64-apple-darwin16.4.0
Thread model: posix
InstalledDir: /Library/Developer/CommandLineTools/usr/bin
 "/Library/Developer/CommandLineTools/usr/bin/ld" -demangle -dynamic -arch x86_64 -macosx_version_min 10.12.0 -o cmTC_c65e9 -search_paths_first -headerpad_max_install_names -v CMakeFiles/cmTC_c65e9.dir/CMakeCCompilerABI.c.o -lSystem /Library/Developer/CommandLineTools/usr/bin/../lib/clang/8.0.0/lib/darwin/libclang_rt.osx.a
@(#)PROGRAM:ld  PROJECT:ld64-274.2
configured to support archs: armv6 armv7 armv7s arm64 i386 x86_64 x86_64h armv6m armv7k armv7m armv7em (tvOS)
Library search paths:
	/usr/lib
	/usr/local/lib
Framework search paths:
	/Library/Frameworks/
	/System/Library/Frameworks/


Parsed C implicit link information from above output:
  link line regex: [^( *|.*[/\])(ld|([^/\]+-)?ld|collect2)[^/\]*( |$)]
  ignore line: [Change Dir: /Users/cameron/school/cpe471/dice/build/CMakeFiles/CMakeTmp]
  ignore line: []
  ignore line: [Run Build Command:"/usr/bin/make" "cmTC_c65e9/fast"]
  ignore line: [/Library/Developer/CommandLineTools/usr/bin/make -f CMakeFiles/cmTC_c65e9.dir/build.make CMakeFiles/cmTC_c65e9.dir/build]
  ignore line: [Building C object CMakeFiles/cmTC_c65e9.dir/CMakeCCompilerABI.c.o]
  ignore line: [/Library/Developer/CommandLineTools/usr/bin/cc     -o CMakeFiles/cmTC_c65e9.dir/CMakeCCompilerABI.c.o   -c /usr/local/Cellar/cmake/3.7.1/share/cmake/Modules/CMakeCCompilerABI.c]
  ignore line: [Linking C executable cmTC_c65e9]
  ignore line: [/usr/local/Cellar/cmake/3.7.1/bin/cmake -E cmake_link_script CMakeFiles/cmTC_c65e9.dir/link.txt --verbose=1]
  ignore line: [/Library/Developer/CommandLineTools/usr/bin/cc    -Wl,-search_paths_first -Wl,-headerpad_max_install_names  -v -Wl,-v CMakeFiles/cmTC_c65e9.dir/CMakeCCompilerABI.c.o  -o cmTC_c65e9   ]
  ignore line: [Apple LLVM version 8.0.0 (clang-800.0.42.1)]
  ignore line: [Target: x86_64-apple-darwin16.4.0]
  ignore line: [Thread model: posix]
  ignore line: [InstalledDir: /Library/Developer/CommandLineTools/usr/bin]
  link line: [ "/Library/Developer/CommandLineTools/usr/bin/ld" -demangle -dynamic -arch x86_64 -macosx_version_min 10.12.0 -o cmTC_c65e9 -search_paths_first -headerpad_max_install_names -v CMakeFiles/cmTC_c65e9.dir/CMakeCCompilerABI.c.o -lSystem /Library/Developer/CommandLineTools/usr/bin/../lib/clang/8.0.0/lib/darwin/libclang_rt.osx.a]
    arg [/Library/Developer/CommandLineTools/usr/bin/ld] ==> ignore
    arg [-demangle] ==> ignore
    arg [-dynamic] ==> ignore
    arg [-arch] ==> ignore
    arg [x86_64] ==> ignore
    arg [-macosx_version_min] ==> ignore
    arg [10.12.0] ==> ignore
    arg [-o] ==> ignore
    arg [cmTC_c65e9] ==> ignore
    arg [-search_paths_first] ==> ignore
    arg [-headerpad_max_install_names] ==> ignore
    arg [-v] ==> ignore
    arg [CMakeFiles/cmTC_c65e9.dir/CMakeCCompilerABI.c.o] ==> ignore
    arg [-lSystem] ==> lib [System]
    arg [/Library/Developer/CommandLineTools/usr/bin/../lib/clang/8.0.0/lib/darwin/libclang_rt.osx.a] ==> lib [/Library/Developer/CommandLineTools/usr/bin/../lib/clang/8.0.0/lib/darwin/libclang_rt.osx.a]
  Library search paths: [;/usr/lib;/usr/local/lib]
  Framework search paths: [;/Library/Frameworks/;/System/Library/Frameworks/]
  remove lib [System]
  remove lib [/Library/Developer/CommandLineTools/usr/bin/../lib/clang/8.0.0/lib/darwin/libclang_rt.osx.a]
  collapse library dir [/usr/lib] ==> [/usr/lib]
  collapse library dir [/usr/local/lib] ==> [/usr/local/lib]
  collapse framework dir [/Library/Frameworks/] ==> [/Library/Frameworks]
  collapse framework dir [/System/Library/Frameworks/] ==> [/System/Library/Frameworks]
  implicit libs: []
  implicit dirs: [/usr/lib;/usr/local/lib]
  implicit fwks: [/Library/Frameworks;/System/Library/Frameworks]




Detecting C [-std=c11] compiler features compiled with the following output:
Change Dir: /Users/cameron/school/cpe471/dice/build/CMakeFiles/CMakeTmp

Run Build Command:"/usr/bin/make" "cmTC_392a1/fast"
/Library/Developer/CommandLineTools/usr/bin/make -f CMakeFiles/cmTC_392a1.dir/build.make CMakeFiles/cmTC_392a1.dir/build
Building C object CMakeFiles/cmTC_392a1.dir/feature_tests.c.o
/Library/Developer/CommandLineTools/usr/bin/cc    -std=c11 -o CMakeFiles/cmTC_392a1.dir/feature_tests.c.o   -c /Users/cameron/school/cpe471/dice/build/CMakeFiles/feature_tests.c
Linking C executable cmTC_392a1
/usr/local/Cellar/cmake/3.7.1/bin/cmake -E cmake_link_script CMakeFiles/cmTC_392a1.dir/link.txt --verbose=1
/Library/Developer/CommandLineTools/usr/bin/cc    -Wl,-search_paths_first -Wl,-headerpad_max_install_names   CMakeFiles/cmTC_392a1.dir/feature_tests.c.o  -o cmTC_392a1  


    Feature record: C_FEATURE:1c_function_prototypes
    Feature record: C_FEATURE:1c_restrict
    Feature record: C_FEATURE:1c_static_assert
    Feature record: C_FEATURE:1c_variadic_macros


Detecting C [-std=c99] compiler features compiled with the following output:
Change Dir: /Users/cameron/school/cpe471/dice/build/CMakeFiles/CMakeTmp

Run Build Command:"/usr/bin/make" "cmTC_5f0d4/fast"
/Library/Developer/CommandLineTools/usr/bin/make -f CMakeFiles/cmTC_5f0d4.dir/build.make CMakeFiles/cmTC_5f0d4.dir/build
Building C object CMakeFiles/cmTC_5f0d4.dir/feature_tests.c.o
/Library/Developer/CommandLineTools/usr/bin/cc    -std=c99 -o CMakeFiles/cmTC_5f0d4.dir/feature_tests.c.o   -c /Users/cameron/school/cpe471/dice/build/CMakeFiles/feature_tests.c
Linking C executable cmTC_5f0d4
/usr/local/Cellar/cmake/3.7.1/bin/cmake -E cmake_link_script CMakeFiles/cmTC_5f0d4.dir/link.txt --verbose=1
/Library/Developer/CommandLineTools/usr/bin/cc    -Wl,-search_paths_first -Wl,-headerpad_max_install_names   CMakeFiles/cmTC_5f0d4.dir/feature_tests.c.o  -o cmTC_5f0d4  


    Feature record: C_FEATURE:1c_function_prototypes
    Feature record: C_FEATURE:1c_restrict
    Feature record: C_FEATURE:0c_static_assert
    Feature record: C_FEATURE:1c_variadic_macros


Detecting C [-std=c90] compiler features compiled with the following output:
Change Dir: /Users/cameron/school/cpe471/dice/build/CMakeFiles/CMakeTmp

Run Build Command:"/usr/bin/make" "cmTC_f39a5/fast"
/Library/Developer/CommandLineTools/usr/bin/make -f CMakeFiles/cmTC_f39a5.dir/build.make CMakeFiles/cmTC_f39a5.dir/build
Building C object CMakeFiles/cmTC_f39a5.dir/feature_tests.c.o
/Library/Developer/CommandLineTools/usr/bin/cc    -std=c90 -o CMakeFiles/cmTC_f39a5.dir/feature_tests.c.o   -c /Users/cameron/school/cpe471/dice/build/CMakeFiles/feature_tests.c
Linking C executable cmTC_f39a5
/usr/local/Cellar/cmake/3.7.1/bin/cmake -E cmake_link_script CMakeFiles/cmTC_f39a5.dir/link.txt --verbose=1
/Library/Developer/CommandLineTools/usr/bin/cc    -Wl,-search_paths_first -Wl,-headerpad_max_install_names   CMakeFiles/cmTC_f39a5.dir/feature_tests.c.o  -o cmTC_f39a5  


    Feature record: C_FEATURE:1c_function_prototypes
    Feature record: C_FEATURE:0c_restrict
    Feature record: C_FEATURE:0c_static_assert
    Feature record: C_FEATURE:0c_variadic_macros
Determining if the CXX compiler works passed with the following output:
Change Dir: /Users/cameron/school/cpe471/dice/build/CMakeFiles/CMakeTmp

Run Build Command:"/usr/bin/make" "cmTC_ad12b/fast"
/Library/Developer/CommandLineTools/usr/bin/make -f CMakeFiles/cmTC_ad12b.dir/build.make CMakeFiles/cmTC_ad12b.dir/build
Building CXX object CMakeFiles/cmTC_ad12b.dir/testCXXCompiler.cxx.o
/Library/Developer/CommandLineTools/usr/bin/c++      -o CMakeFiles/cmTC_ad12b.dir/testCXXCompiler.cxx.o -c /Users/cameron/school/cpe471/dice/build/CMakeFiles/CMakeTmp/testCXXCompiler.cxx
Linking CXX executable cmTC_ad12b
/usr/local/Cellar/cmake/3.7.1/bin/cmake -E cmake_link_script CMakeFiles/cmTC_ad12b.dir/link.txt --verbose=1
/Library/Developer/CommandLineTools/usr/bin/c++     -Wl,-search_paths_first -Wl,-headerpad_max_install_names   CMakeFiles/cmTC_ad12b.dir/testCXXCompiler.cxx.o  -o cmTC_ad12b  


Detecting CXX compiler ABI info compiled with the following output:
Change Dir: /Users/cameron/school/cpe471/dice/build/CMakeFiles/CMakeTmp

Run Build Command:"/usr/bin/make" "cmTC_d9fc9/fast"
/Library/Developer/CommandLineTools/usr/bin/make -f CMakeFiles/cmTC_d9fc9.dir/build.make CMakeFiles/cmTC_d9fc9.dir/build
Building CXX object CMakeFiles/cmTC_d9fc9.dir/CMakeCXXCompilerABI.cpp.o
/Library/Developer/CommandLineTools/usr/bin/c++      -o CMakeFiles/cmTC_d9fc9.dir/CMakeCXXCompilerABI.cpp.o -c /usr/local/Cellar/cmake/3.7.1/share/cmake/Modules/CMakeCXXCompilerABI.cpp
Linking CXX executable cmTC_d9fc9
/usr/local/Cellar/cmake/3.7.1/bin/cmake -E cmake_link_script CMakeFiles/cmTC_d9fc9.dir/link.txt --verbose=1
/Library/Developer/CommandLineTools/usr/bin/c++     -Wl,-search_paths_first -Wl,-headerpad_max_install_names  -v -Wl,-v CMakeFiles/cmTC_d9fc9.dir/CMakeCXXCompilerABI.cpp.o  -o cmTC_d9fc9   
Apple LLVM version 8.0.0 (clang-800.0.42.1)
Target: x86_64-apple-darwin16.4.0
Thread model: posix
InstalledDir: /Library/Developer/CommandLineTools/usr/bin
 "/Library/Developer/CommandLineTools/usr/bin/ld" -demangle -dynamic -arch x86_64 -macosx_version_min 10.12.0 -o cmTC_d9fc9 -search_paths_first -headerpad_max_install_names -v CMakeFiles/cmTC_d9fc9.dir/CMakeCXXCompilerABI.cpp.o -lc++ -lSystem /Library/Developer/CommandLineTools/usr/bin/../lib/clang/8.0.0/lib/darwin/libclang_rt.osx.a
@(#)PROGRAM:ld  PROJECT:ld64-274.2
configured to support archs: armv6 armv7 armv7s arm64 i386 x86_64 x86_64h armv6m armv7k armv7m armv7em (tvOS)
Library search paths:
	/usr/lib
	/usr/local/lib
Framework search paths:
	/Library/Frameworks/
	/System/Library/Frameworks/


Parsed CXX implicit link information from above output:
  link line regex: [^( *|.*[/\])(ld|([^/\]+-)?ld|collect2)[^/\]*( |$)]
  ignore line: [Change Dir: /Users/cameron/school/cpe471/dice/build/CMakeFiles/CMakeTmp]
  ignore line: []
  ignore line: [Run Build Command:"/usr/bin/make" "cmTC_d9fc9/fast"]
  ignore line: [/Library/Developer/CommandLineTools/usr/bin/make -f CMakeFiles/cmTC_d9fc9.dir/build.make CMakeFiles/cmTC_d9fc9.dir/build]
  ignore line: [Building CXX object CMakeFiles/cmTC_d9fc9.dir/CMakeCXXCompilerABI.cpp.o]
  ignore line: [/Library/Developer/CommandLineTools/usr/bin/c++      -o CMakeFiles/cmTC_d9fc9.dir/CMakeCXXCompilerABI.cpp.o -c /usr/local/Cellar/cmake/3.7.1/share/cmake/Modules/CMakeCXXCompilerABI.cpp]
  ignore line: [Linking CXX executable cmTC_d9fc9]
  ignore line: [/usr/local/Cellar/cmake/3.7.1/bin/cmake -E cmake_link_script CMakeFiles/cmTC_d9fc9.dir/link.txt --verbose=1]
  ignore line: [/Library/Developer/CommandLineTools/usr/bin/c++     -Wl,-search_paths_first -Wl,-headerpad_max_install_names  -v -Wl,-v CMakeFiles/cmTC_d9fc9.dir/CMakeCXXCompilerABI.cpp.o  -o cmTC_d9fc9   ]
  ignore line: [Apple LLVM version 8.0.0 (clang-800.0.42.1)]
  ignore line: [Target: x86_64-apple-darwin16.4.0]
  ignore line: [Thread model: posix]
  ignore line: [InstalledDir: /Library/Developer/CommandLineTools/usr/bin]
  link line: [ "/Library/Developer/CommandLineTools/usr/bin/ld" -demangle -dynamic -arch x86_64 -macosx_version_min 10.12.0 -o cmTC_d9fc9 -search_paths_first -headerpad_max_install_names -v CMakeFiles/cmTC_d9fc9.dir/CMakeCXXCompilerABI.cpp.o -lc++ -lSystem /Library/Developer/CommandLineTools/usr/bin/../lib/clang/8.0.0/lib/darwin/libclang_rt.osx.a]
    arg [/Library/Developer/CommandLineTools/usr/bin/ld] ==> ignore
    arg [-demangle] ==> ignore
    arg [-dynamic] ==> ignore
    arg [-arch] ==> ignore
    arg [x86_64] ==> ignore
    arg [-macosx_version_min] ==> ignore
    arg [10.12.0] ==> ignore
    arg [-o] ==> ignore
    arg [cmTC_d9fc9] ==> ignore
    arg [-search_paths_first] ==> ignore
    arg [-headerpad_max_install_names] ==> ignore
    arg [-v] ==> ignore
    arg [CMakeFiles/cmTC_d9fc9.dir/CMakeCXXCompilerABI.cpp.o] ==> ignore
    arg [-lc++] ==> lib [c++]
    arg [-lSystem] ==> lib [System]
    arg [/Library/Developer/CommandLineTools/usr/bin/../lib/clang/8.0.0/lib/darwin/libclang_rt.osx.a] ==> lib [/Library/Developer/CommandLineTools/usr/bin/../lib/clang/8.0.0/lib/darwin/libclang_rt.osx.a]
  Library search paths: [;/usr/lib;/usr/local/lib]
  Framework search paths: [;/Library/Frameworks/;/System/Library/Frameworks/]
  remove lib [System]
  remove lib [/Library/Developer/CommandLineTools/usr/bin/../lib/clang/8.0.0/lib/darwin/libclang_rt.osx.a]
  collapse library dir [/usr/lib] ==> [/usr/lib]
  collapse library dir [/usr/local/lib] ==> [/usr/local/lib]
  collapse framework dir [/Library/Frameworks/] ==> [/Library/Frameworks]
  collapse framework dir [/System/Library/Frameworks/] ==> [/System/Library/Frameworks]
  implicit libs: [c++]
  implicit dirs: [/usr/lib;/usr/local/lib]
  implicit fwks: [/Library/Frameworks;/System/Library/Frameworks]




Detecting CXX [-std=c++14] compiler features compiled with the following output:
Change Dir: /Users/cameron/school/cpe471/dice/build/CMakeFiles/CMakeTmp

Run Build Command:"/usr/bin/make" "cmTC_84b5b/fast"
/Library/Developer/CommandLineTools/usr/bin/make -f CMakeFiles/cmTC_84b5b.dir/build.make CMakeFiles/cmTC_84b5b.dir/build
Building CXX object CMakeFiles/cmTC_84b5b.dir/feature_tests.cxx.o
/Library/Developer/CommandLineTools/usr/bin/c++     -std=c++14 -o CMakeFiles/cmTC_84b5b.dir/feature_tests.cxx.o -c /Users/cameron/school/cpe471/dice/build/CMakeFiles/feature_tests.cxx
Linking CXX executable cmTC_84b5b
/usr/local/Cellar/cmake/3.7.1/bin/cmake -E cmake_link_script CMakeFiles/cmTC_84b5b.dir/link.txt --verbose=1
/Library/Developer/CommandLineTools/usr/bin/c++     -Wl,-search_paths_first -Wl,-headerpad_max_install_names   CMakeFiles/cmTC_84b5b.dir/feature_tests.cxx.o  -o cmTC_84b5b  


    Feature record: CXX_FEATURE:1cxx_aggregate_default_initializers
    Feature record: CXX_FEATURE:1cxx_alias_templates
    Feature record: CXX_FEATURE:1cxx_alignas
    Feature record: CXX_FEATURE:1cxx_alignof
    Feature record: CXX_FEATURE:1cxx_attributes
    Feature record: CXX_FEATURE:1cxx_attribute_deprecated
    Feature record: CXX_FEATURE:1cxx_auto_type
    Feature record: CXX_FEATURE:1cxx_binary_literals
    Feature record: CXX_FEATURE:1cxx_constexpr
    Feature record: CXX_FEATURE:1cxx_contextual_conversions
    Feature record: CXX_FEATURE:1cxx_decltype
    Feature record: CXX_FEATURE:1cxx_decltype_auto
    Feature record: CXX_FEATURE:1cxx_decltype_incomplete_return_types
    Feature record: CXX_FEATURE:1cxx_default_function_template_args
    Feature record: CXX_FEATURE:1cxx_defaulted_functions
    Feature record: CXX_FEATURE:1cxx_defaulted_move_initializers
    Feature record: CXX_FEATURE:1cxx_delegating_constructors
    Feature record: CXX_FEATURE:1cxx_deleted_functions
    Feature record: CXX_FEATURE:1cxx_digit_separators
    Feature record: CXX_FEATURE:1cxx_enum_forward_declarations
    Feature record: CXX_FEATURE:1cxx_explicit_conversions
    Feature record: CXX_FEATURE:1cxx_extended_friend_declarations
    Feature record: CXX_FEATURE:1cxx_extern_templates
    Feature record: CXX_FEATURE:1cxx_final
    Feature record: CXX_FEATURE:1cxx_func_identifier
    Feature record: CXX_FEATURE:1cxx_generalized_initializers
    Feature record: CXX_FEATURE:1cxx_generic_lambdas
    Feature record: CXX_FEATURE:1cxx_inheriting_constructors
    Feature record: CXX_FEATURE:1cxx_inline_namespaces
    Feature record: CXX_FEATURE:1cxx_lambdas
    Feature record: CXX_FEATURE:1cxx_lambda_init_captures
    Feature record: CXX_FEATURE:1cxx_local_type_template_args
    Feature record: CXX_FEATURE:1cxx_long_long_type
    Feature record: CXX_FEATURE:1cxx_noexcept
    Feature record: CXX_FEATURE:1cxx_nonstatic_member_init
    Feature record: CXX_FEATURE:1cxx_nullptr
    Feature record: CXX_FEATURE:1cxx_override
    Feature record: CXX_FEATURE:1cxx_range_for
    Feature record: CXX_FEATURE:1cxx_raw_string_literals
    Feature record: CXX_FEATURE:1cxx_reference_qualified_functions
    Feature record: CXX_FEATURE:1cxx_relaxed_constexpr
    Feature record: CXX_FEATURE:1cxx_return_type_deduction
    Feature record: CXX_FEATURE:1cxx_right_angle_brackets
    Feature record: CXX_FEATURE:1cxx_rvalue_references
    Feature record: CXX_FEATURE:1cxx_sizeof_member
    Feature record: CXX_FEATURE:1cxx_static_assert
    Feature record: CXX_FEATURE:1cxx_strong_enums
    Feature record: CXX_FEATURE:1cxx_template_template_parameters
    Feature record: CXX_FEATURE:1cxx_thread_local
    Feature record: CXX_FEATURE:1cxx_trailing_return_types
    Feature record: CXX_FEATURE:1cxx_unicode_literals
    Feature record: CXX_FEATURE:1cxx_uniform_initialization
    Feature record: CXX_FEATURE:1cxx_unrestricted_unions
    Feature record: CXX_FEATURE:1cxx_user_literals
    Feature record: CXX_FEATURE:1cxx_variable_templates
    Feature record: CXX_FEATURE:1cxx_variadic_macros
    Feature record: CXX_FEATURE:1cxx_variadic_templates


Detecting CXX [-std=c++11] compiler features compiled with the following output:
Change Dir: /Users/cameron/school/cpe471/dice/build/CMakeFiles/CMakeTmp

Run Build Command:"/usr/bin/make" "cmTC_26a99/fast"
/Library/Developer/CommandLineTools/usr/bin/make -f CMakeFiles/cmTC_26a99.dir/build.make CMakeFiles/cmTC_26a99.dir/build
Building CXX object CMakeFiles/cmTC_26a99.dir/feature_tests.cxx.o
/Library/Developer/CommandLineTools/usr/bin/c++     -std=c++11 -o CMakeFiles/cmTC_26a99.dir/feature_tests.cxx.o -c /Users/cameron/school/cpe471/dice/build/CMakeFiles/feature_tests.cxx
Linking CXX executable cmTC_26a99
/usr/local/Cellar/cmake/3.7.1/bin/cmake -E cmake_link_script CMakeFiles/cmTC_26a99.dir/link.txt --verbose=1
/Library/Developer/CommandLineTools/usr/bin/c++     -Wl,-search_paths_first -Wl,-headerpad_max_install_names   CMakeFiles/cmTC_26a99.dir/feature_tests.cxx.o  -o cmTC_26a99  


    Feature record: CXX_FEATURE:0cxx_aggregate_default_initializers
    Feature record: CXX_FEATURE:1cxx_alias_templates
    Feature record: CXX_FEATURE:1cxx_alignas
    Feature record: CXX_FEATURE:1cxx_alignof
    Feature record: CXX_FEATURE:1cxx_attributes
    Feature record: CXX_FEATURE:0cxx_attribute_deprecated
    Feature record: CXX_FEATURE:1cxx_auto_type
    Feature record: CXX_FEATURE:0cxx_binary_literals
    Feature record: CXX_FEATURE:1cxx_constexpr
    Feature record: CXX_FEATURE:0cxx_contextual_conversions
    Feature record: CXX_FEATURE:1cxx_decltype
    Feature record: CXX_FEATURE:0cxx_decltype_auto
    Feature record: CXX_FEATURE:1cxx_decltype_incomplete_return_types
    Feature record: CXX_FEATURE:1cxx_default_function_template_args
    Feature record: CXX_FEATURE:1cxx_defaulted_functions
    Feature record: CXX_FEATURE:1cxx_defaulted_move_initializers
    Feature record: CXX_FEATURE:1cxx_delegating_constructors
    Feature record: CXX_FEATURE:1cxx_deleted_functions
    Feature record: CXX_FEATURE:0cxx_digit_separators
    Feature record: CXX_FEATURE:1cxx_enum_forward_declarations
    Feature record: CXX_FEATURE:1cxx_explicit_conversions
    Feature record: CXX_FEATURE:1cxx_extended_friend_declarations
    Feature record: CXX_FEATURE:1cxx_extern_templates
    Feature record: CXX_FEATURE:1cxx_final
    Feature record: CXX_FEATURE:1cxx_func_identifier
    Feature record: CXX_FEATURE:1cxx_generalized_initializers
    Feature record: CXX_FEATURE:0cxx_generic_lambdas
    Feature record: CXX_FEATURE:1cxx_inheriting_constructors
    Feature record: CXX_FEATURE:1cxx_inline_namespaces
    Feature record: CXX_FEATURE:1cxx_lambdas
    Feature record: CXX_FEATURE:0cxx_lambda_init_captures
    Feature record: CXX_FEATURE:1cxx_local_type_template_args
    Feature record: CXX_FEATURE:1cxx_long_long_type
    Feature record: CXX_FEATURE:1cxx_noexcept
    Feature record: CXX_FEATURE:1cxx_nonstatic_member_init
    Feature record: CXX_FEATURE:1cxx_nullptr
    Feature record: CXX_FEATURE:1cxx_override
    Feature record: CXX_FEATURE:1cxx_range_for
    Feature record: CXX_FEATURE:1cxx_raw_string_literals
    Feature record: CXX_FEATURE:1cxx_reference_qualified_functions
    Feature record: CXX_FEATURE:0cxx_relaxed_constexpr
    Feature record: CXX_FEATURE:0cxx_return_type_deduction
    Feature record: CXX_FEATURE:1cxx_right_angle_brackets
    Feature record: CXX_FEATURE:1cxx_rvalue_references
    Feature record: CXX_FEATURE:1cxx_sizeof_member
    Feature record: CXX_FEATURE:1cxx_static_assert
    Feature record: CXX_FEATURE:1cxx_strong_enums
    Feature record: CXX_FEATURE:1cxx_template_template_parameters
    Feature record: CXX_FEATURE:1cxx_thread_local
    Feature record: CXX_FEATURE:1cxx_trailing_return_types
    Feature record: CXX_FEATURE:1cxx_unicode_literals
    Feature record: CXX_FEATURE:1cxx_uniform_initialization
    Feature record: CXX_FEATURE:1cxx_unrestricted_unions
    Feature record: CXX_FEATURE:1cxx_user_literals
    Feature record: CXX_FEATURE:0cxx_variable_templates
    Feature record: CXX_FEATURE:1cxx_variadic_macros
    Feature record: CXX_FEATURE:1cxx_variadic_templates


Detecting CXX [-std=c++98] compiler features compiled with the following output:
Change Dir: /Users/cameron/school/cpe471/dice/build/CMakeFiles/CMakeTmp

Run Build Command:"/usr/bin/make" "cmTC_396b6/fast"
/Library/Developer/CommandLineTools/usr/bin/make -f CMakeFiles/cmTC_396b6.dir/build.make CMakeFiles/cmTC_396b6.dir/build
Building CXX object CMakeFiles/cmTC_396b6.dir/feature_tests.cxx.o
/Library/Developer/CommandLineTools/usr/bin/c++     -std=c++98 -o CMakeFiles/cmTC_396b6.dir/feature_tests.cxx.o -c /Users/cameron/school/cpe471/dice/build/CMakeFiles/feature_tests.cxx
Linking CXX executable cmTC_396b6
/usr/local/Cellar/cmake/3.7.1/bin/cmake -E cmake_link_script CMakeFiles/cmTC_396b6.dir/link.txt --verbose=1
/Library/Developer/CommandLineTools/usr/bin/c++     -Wl,-search_paths_first -Wl,-headerpad_max_install_names   CMakeFiles/cmTC_396b6.dir/feature_tests.cxx.o  -o cmTC_396b6  


    Feature record: CXX_FEATURE:0cxx_aggregate_default_initializers
    Feature record: CXX_FEATURE:0cxx_alias_templates
    Feature record: CXX_FEATURE:0cxx_alignas
    Feature record: CXX_FEATURE:0cxx_alignof
    Feature record: CXX_FEATURE:0cxx_attributes
    Feature record: CXX_FEATURE:0cxx_attribute_deprecated
    Feature record: CXX_FEATURE:0cxx_auto_type
    Feature record: CXX_FEATURE:0cxx_binary_literals
    Feature record: CXX_FEATURE:0cxx_constexpr
    Feature record: CXX_FEATURE:0cxx_contextual_conversions
    Feature record: CXX_FEATURE:0cxx_decltype
    Feature record: CXX_FEATURE:0cxx_decltype_auto
    Feature record: CXX_FEATURE:0cxx_decltype_incomplete_return_types
    Feature record: CXX_FEATURE:0cxx_default_function_template_args
    Feature record: CXX_FEATURE:0cxx_defaulted_functions
    Feature record: CXX_FEATURE:0cxx_defaulted_move_initializers
    Feature record: CXX_FEATURE:0cxx_delegating_constructors
    Feature record: CXX_FEATURE:0cxx_deleted_functions
    Feature record: CXX_FEATURE:0cxx_digit_separators
    Feature record: CXX_FEATURE:0cxx_enum_forward_declarations
    Feature record: CXX_FEATURE:0cxx_explicit_conversions
    Feature record: CXX_FEATURE:0cxx_extended_friend_declarations
    Feature record: CXX_FEATURE:0cxx_extern_templates
    Feature record: CXX_FEATURE:0cxx_final
    Feature record: CXX_FEATURE:0cxx_func_identifier
    Feature record: CXX_FEATURE:0cxx_generalized_initializers
    Feature record: CXX_FEATURE:0cxx_generic_lambdas
    Feature record: CXX_FEATURE:0cxx_inheriting_constructors
    Feature record: CXX_FEATURE:0cxx_inline_namespaces
    Feature record: CXX_FEATURE:0cxx_lambdas
    Feature record: CXX_FEATURE:0cxx_lambda_init_captures
    Feature record: CXX_FEATURE:0cxx_local_type_template_args
    Feature record: CXX_FEATURE:0cxx_long_long_type
    Feature record: CXX_FEATURE:0cxx_noexcept
    Feature record: CXX_FEATURE:0cxx_nonstatic_member_init
    Feature record: CXX_FEATURE:0cxx_nullptr
    Feature record: CXX_FEATURE:0cxx_override
    Feature record: CXX_FEATURE:0cxx_range_for
    Feature record: CXX_FEATURE:0cxx_raw_string_literals
    Feature record: CXX_FEATURE:0cxx_reference_qualified_functions
    Feature record: CXX_FEATURE:0cxx_relaxed_constexpr
    Feature record: CXX_FEATURE:0cxx_return_type_deduction
    Feature record: CXX_FEATURE:0cxx_right_angle_brackets
    Feature record: CXX_FEATURE:0cxx_rvalue_references
    Feature record: CXX_FEATURE:0cxx_sizeof_member
    Feature record: CXX_FEATURE:0cxx_static_assert
    Feature record: CXX_FEATURE:0cxx_strong_enums
    Feature record: CXX_FEATURE:1cxx_template_template_parameters
    Feature record: CXX_FEATURE:0cxx_thread_local
    Feature record: CXX_FEATURE:0cxx_trailing_return_types
    Feature record: CXX_FEATURE:0cxx_unicode_literals
    Feature record: CXX_FEATURE:0cxx_uniform_initialization
    Feature record: CXX_FEATURE:0cxx_unrestricted_unions
    Feature record: CXX_FEATURE:0cxx_user_literals
    Feature record: CXX_FEATURE:0cxx_variable_templates
    Feature record: CXX_FEATURE:0cxx_variadic_macros
    Feature record: CXX_FEATURE:0cxx_variadic_templates
Determining if the include file pthread.h exists passed with the following output:
Change Dir: /Users/cameron/school/cpe471/dice/build/CMakeFiles/CMakeTmp

Run Build Command:"/usr/bin/make" "cmTC_befce/fast"
/Library/Developer/CommandLineTools/usr/bin/make -f CMakeFiles/cmTC_befce.dir/build.make CMakeFiles/cmTC_befce.dir/build
Building C object CMakeFiles/cmTC_befce.dir/CheckIncludeFile.c.o
/Library/Developer/CommandLineTools/usr/bin/cc     -o CMakeFiles/cmTC_befce.dir/CheckIncludeFile.c.o   -c /Users/cameron/school/cpe471/dice/build/CMakeFiles/CMakeTmp/CheckIncludeFile.c
Linking C executable cmTC_befce
/usr/local/Cellar/cmake/3.7.1/bin/cmake -E cmake_link_script CMakeFiles/cmTC_befce.dir/link.txt --verbose=1
/Library/Developer/CommandLineTools/usr/bin/cc    -Wl,-search_paths_first -Wl,-headerpad_max_install_names   CMakeFiles/cmTC_befce.dir/CheckIncludeFile.c.o  -o cmTC_befce  


Determining if the pthread_create exist passed with the following output:
Change Dir: /Users/cameron/school/cpe471/dice/build/CMakeFiles/CMakeTmp

Run Build Command:"/usr/bin/make" "cmTC_1def7/fast"
/Library/Developer/CommandLineTools/usr/bin/make -f CMakeFiles/cmTC_1def7.dir/build.make CMakeFiles/cmTC_1def7.dir/build
Building C object CMakeFiles/cmTC_1def7.dir/CheckSymbolExists.c.o
/Library/Developer/CommandLineTools/usr/bin/cc     -o CMakeFiles/cmTC_1def7.dir/CheckSymbolExists.c.o   -c /Users/cameron/school/cpe471/dice/build/CMakeFiles/CMakeTmp/CheckSymbolExists.c
Linking C executable cmTC_1def7
/usr/local/Cellar/cmake/3.7.1/bin/cmake -E cmake_link_script CMakeFiles/cmTC_1def7.dir/link.txt --verbose=1
/Library/Developer/CommandLineTools/usr/bin/cc    -Wl,-search_paths_first -Wl,-headerpad_max_install_names   CMakeFiles/cmTC_1def7.dir/CheckSymbolExists.c.o  -o cmTC_1def7  

File /Users/cameron/school/cpe471/dice/build/CMakeFiles/CMakeTmp/CheckSymbolExists.c:
/* */
#include <pthread.h>

int main(int argc, char** argv)
{
  (void)argv;
#ifndef pthread_create
  return ((int*)(&pthread_create))[argc];
#else
  (void)argc;
  return 0;
#endif
}

Determining if the include file pthread.h exists passed with the following output:
Change Dir: /Users/cameron/school/cpe471/dice/build/CMakeFiles/CMakeTmp

Run Build Command:"/usr/bin/make" "cmTC_2d1ea/fast"
/Library/Developer/CommandLineTools/usr/bin/make -f CMakeFiles/cmTC_2d1ea.dir/build.make CMakeFiles/cmTC_2d1ea.dir/build
Building C object CMakeFiles/cmTC_2d1ea.dir/CheckIncludeFile.c.o
/Library/Developer/CommandLineTools/usr/bin/cc     -o CMakeFiles/cmTC_2d1ea.dir/CheckIncludeFile.c.o   -c /Users/cameron/school/cpe471/dice/build/CMakeFiles/CMakeTmp/CheckIncludeFile.c
Linking C executable cmTC_2d1ea
/usr/local/Cellar/cmake/3.7.1/bin/cmake -E cmake_link_script CMakeFiles/cmTC_2d1ea.dir/link.txt --verbose=1
/Library/Developer/CommandLineTools/usr/bin/cc    -Wl,-search_paths_first -Wl,-headerpad_max_install_names   CMakeFiles/cmTC_2d1ea.dir/CheckIncludeFile.c.o  -o cmTC_2d1ea  


Determining if the pthread_create exist passed with the following output:
Change Dir: /Users/cameron/school/cpe471/dice/build/CMakeFiles/CMakeTmp

Run Build Command:"/usr/bin/make" "cmTC_0fe30/fast"
/Library/Developer/CommandLineTools/usr/bin/make -f CMakeFiles/cmTC_0fe30.dir/build.make CMakeFiles/cmTC_0fe30.dir/build
Building C object CMakeFiles/cmTC_0fe30.dir/CheckSymbolExists.c.o
/Library/Developer/CommandLineTools/usr/bin/cc     -o CMakeFiles/cmTC_0fe30.dir/CheckSymbolExists.c.o   -c /Users/cameron/school/cpe471/dice/build/CMakeFiles/CMakeTmp/CheckSymbolExists.c
Linking C executable cmTC_0fe30
/usr/local/Cellar/cmake/3.7.1/bin/cmake -E cmake_link_script CMakeFiles/cmTC_0fe30.dir/link.txt --verbose=1
/Library/Developer/CommandLineTools/usr/bin/cc    -Wl,-search_paths_first -Wl,-headerpad_max_install_names   CMakeFiles/cmTC_0fe30.dir/CheckSymbolExists.c.o  -o cmTC_0fe30  

File /Users/cameron/school/cpe471/dice/build/CMakeFiles/CMakeTmp/CheckSymbolExists.c:
/* */
#include <pthread.h>

int main(int argc, char** argv)
{
  (void)argv;
#ifndef pthread_create
  return ((int*)(&pthread_create))[argc];
#else
  (void)argc;
  return 0;
#endif
}

Determining if the include file pthread.h exists passed with the following output:
Change Dir: /Users/cameron/school/cpe471/dice/build/CMakeFiles/CMakeTmp

Run Build Command:"/usr/bin/make" "cmTC_2a51b/fast"
/Library/Developer/CommandLineTools/usr/bin/make -f CMakeFiles/cmTC_2a51b.dir/build.make CMakeFiles/cmTC_2a51b.dir/build
Building C object CMakeFiles/cmTC_2a51b.dir/CheckIncludeFile.c.o
/Library/Developer/CommandLineTools/usr/bin/cc     -o CMakeFiles/cmTC_2a51b.dir/CheckIncludeFile.c.o   -c /Users/cameron/school/cpe471/dice/build/CMakeFiles/CMakeTmp/CheckIncludeFile.c
Linking C executable cmTC_2a51b
/usr/local/Cellar/cmake/3.7.1/bin/cmake -E cmake_link_script CMakeFiles/cmTC_2a51b.dir/link.txt --verbose=1
/Library/Developer/CommandLineTools/usr/bin/cc    -Wl,-search_paths_first -Wl,-headerpad_max_install_names   CMakeFiles/cmTC_2a51b.dir/CheckIncludeFile.c.o  -o cmTC_2a51b  


Determining if the pthread_create exist passed with the following output:
Change Dir: /Users/cameron/school/cpe471/dice/build/CMakeFiles/CMakeTmp

Run Build Command:"/usr/bin/make" "cmTC_366f2/fast"
/Library/Developer/CommandLineTools/usr/bin/make -f CMakeFiles/cmTC_366f2.dir/build.make CMakeFiles/cmTC_366f2.dir/build
Building C object CMakeFiles/cmTC_366f2.dir/CheckSymbolExists.c.o
/Library/Developer/CommandLineTools/usr/bin/cc     -o CMakeFiles/cmTC_366f2.dir/CheckSymbolExists.c.o   -c /Users/cameron/school/cpe471/dice/build/CMakeFiles/CMakeTmp/CheckSymbolExists.c
Linking C executable cmTC_366f2
/usr/local/Cellar/cmake/3.7.1/bin/cmake -E cmake_link_script CMakeFiles/cmTC_366f2.dir/link.txt --verbose=1
/Library/Developer/CommandLineTools/usr/bin/cc    -Wl,-search_paths_first -Wl,-headerpad_max_install_names   CMakeFiles/cmTC_366f2.dir/CheckSymbolExists.c.o  -o cmTC_366f2  

File /Users/cameron/school/cpe471/dice/build/CMakeFiles/CMakeTmp/CheckSymbolExists.c:
/* */
#include <pthread.h>

int main(int argc, char** argv)
{
  (void)argv;
#ifndef pthread_create
  return ((int*)(&pthread_create))[argc];
#else
  (void)argc;
  return 0;
#endif
}

Determining if the include file pthread.h exists passed with the following output:
Change Dir: /Users/cameron/school/cpe471/dice/build/CMakeFiles/CMakeTmp

Run Build Command:"/usr/bin/make" "cmTC_7a72b/fast"
/Library/Developer/CommandLineTools/usr/bin/make -f CMakeFiles/cmTC_7a72b.dir/build.make CMakeFiles/cmTC_7a72b.dir/build
Building C object CMakeFiles/cmTC_7a72b.dir/CheckIncludeFile.c.o
/Library/Developer/CommandLineTools/usr/bin/cc     -o CMakeFiles/cmTC_7a72b.dir/CheckIncludeFile.c.o   -c /Users/cameron/school/cpe471/dice/build/CMakeFiles/CMakeTmp/CheckIncludeFile.c
Linking C executable cmTC_7a72b
/usr/local/Cellar/cmake/3.7.1/bin/cmake -E cmake_link_script CMakeFiles/cmTC_7a72b.dir/link.txt --verbose=1
/Library/Developer/CommandLineTools/usr/bin/cc    -Wl,-search_paths_first -Wl,-headerpad_max_install_names   CMakeFiles/cmTC_7a72b.dir/CheckIncludeFile.c.o  -o cmTC_7a72b  


Determining if the pthread_create exist passed with the following output:
Change Dir: /Users/cameron/school/cpe471/dice/build/CMakeFiles/CMakeTmp

Run Build Command:"/usr/bin/make" "cmTC_8c889/fast"
/Library/Developer/CommandLineTools/usr/bin/make -f CMakeFiles/cmTC_8c889.dir/build.make CMakeFiles/cmTC_8c889.dir/build
Building C object CMakeFiles/cmTC_8c889.dir/CheckSymbolExists.c.o
/Library/Developer/CommandLineTools/usr/bin/cc     -o CMakeFiles/cmTC_8c889.dir/CheckSymbolExists.c.o   -c /Users/cameron/school/cpe471/dice/build/CMakeFiles/CMakeTmp/CheckSymbolExists.c
Linking C executable cmTC_8c889
/usr/local/Cellar/cmake/3.7.1/bin/cmake -E cmake_link_script CMakeFiles/cmTC_8c889.dir/link.txt --verbose=1
/Library/Developer/CommandLineTools/usr/bin/cc    -Wl,-search_paths_first -Wl,-headerpad_max_install_names   CMakeFiles/cmTC_8c889.dir/CheckSymbolExists.c.o  -o cmTC_8c889  

File /Users/cameron/school/cpe471/dice/build/CMakeFiles/CMakeTmp/CheckSymbolExists.c:
/* */
#include <pthread.h>

int main(int argc, char** argv)
{
  (void)argv;
#ifndef pthread_create
  return ((int*)(&pthread_create))[argc];
#else
  (void)argc;
  return 0;
#endif
}

Determining if the include file pthread.h exists passed with the following output:
Change Dir: /Users/cameron/school/cpe471/dice/build/CMakeFiles/CMakeTmp

Run Build Command:"/usr/bin/make" "cmTC_c7b20/fast"
/Library/Developer/CommandLineTools/usr/bin/make -f CMakeFiles/cmTC_c7b20.dir/build.make CMakeFiles/cmTC_c7b20.dir/build
Building C object CMakeFiles/cmTC_c7b20.dir/CheckIncludeFile.c.o
/Library/Developer/CommandLineTools/usr/bin/cc     -o CMakeFiles/cmTC_c7b20.dir/CheckIncludeFile.c.o   -c /Users/cameron/school/cpe471/dice/build/CMakeFiles/CMakeTmp/CheckIncludeFile.c
Linking C executable cmTC_c7b20
/usr/local/Cellar/cmake/3.7.1/bin/cmake -E cmake_link_script CMakeFiles/cmTC_c7b20.dir/link.txt --verbose=1
/Library/Developer/CommandLineTools/usr/bin/cc    -Wl,-search_paths_first -Wl,-headerpad_max_install_names   CMakeFiles/cmTC_c7b20.dir/CheckIncludeFile.c.o  -o cmTC_c7b20  


Determining if the pthread_create exist passed with the following output:
Change Dir: /Users/cameron/school/cpe471/dice/build/CMakeFiles/CMakeTmp

Run Build Command:"/usr/bin/make" "cmTC_f38f2/fast"
/Library/Developer/CommandLineTools/usr/bin/make -f CMakeFiles/cmTC_f38f2.dir/build.make CMakeFiles/cmTC_f38f2.dir/build
Building C object CMakeFiles/cmTC_f38f2.dir/CheckSymbolExists.c.o
/Library/Developer/CommandLineTools/usr/bin/cc     -o CMakeFiles/cmTC_f38f2.dir/CheckSymbolExists.c.o   -c /Users/cameron/school/cpe471/dice/build/CMakeFiles/CMakeTmp/CheckSymbolExists.c
Linking C executable cmTC_f38f2
/usr/local/Cellar/cmake/3.7.1/bin/cmake -E cmake_link_script CMakeFiles/cmTC_f38f2.dir/link.txt --verbose=1
/Library/Developer/CommandLineTools/usr/bin/cc    -Wl,-search_paths_first -Wl,-headerpad_max_install_names   CMakeFiles/cmTC_f38f2.dir/CheckSymbolExists.c.o  -o cmTC_f38f2  

File /Users/cameron/school/cpe471/dice/build/CMakeFiles/CMakeTmp/CheckSymbolExists.c:
/* */
#include <pthread.h>

int main(int argc, char** argv)
{
  (void)argv;
#ifndef pthread_create
  return ((int*)(&pthread_create))[argc];
#else
  (void)argc;
  return 0;
#endif
}

Determining if the include file pthread.h exists passed with the following output:
Change Dir: /Users/cameron/school/cpe471/dice/build/CMakeFiles/CMakeTmp

Run Build Command:"/usr/bin/make" "cmTC_67367/fast"
/Library/Developer/CommandLineTools/usr/bin/make -f CMakeFiles/cmTC_67367.dir/build.make CMakeFiles/cmTC_67367.dir/build
Building C object CMakeFiles/cmTC_67367.dir/CheckIncludeFile.c.o
/Library/Developer/CommandLineTools/usr/bin/cc     -o CMakeFiles/cmTC_67367.dir/CheckIncludeFile.c.o   -c /Users/cameron/school/cpe471/dice/build/CMakeFiles/CMakeTmp/CheckIncludeFile.c
Linking C executable cmTC_67367
/usr/local/Cellar/cmake/3.7.1/bin/cmake -E cmake_link_script CMakeFiles/cmTC_67367.dir/link.txt --verbose=1
/Library/Developer/CommandLineTools/usr/bin/cc    -Wl,-search_paths_first -Wl,-headerpad_max_install_names   CMakeFiles/cmTC_67367.dir/CheckIncludeFile.c.o  -o cmTC_67367  


Determining if the pthread_create exist passed with the following output:
Change Dir: /Users/cameron/school/cpe471/dice/build/CMakeFiles/CMakeTmp

Run Build Command:"/usr/bin/make" "cmTC_ea70e/fast"
/Library/Developer/CommandLineTools/usr/bin/make -f CMakeFiles/cmTC_ea70e.dir/build.make CMakeFiles/cmTC_ea70e.dir/build
Building C object CMakeFiles/cmTC_ea70e.dir/CheckSymbolExists.c.o
/Library/Developer/CommandLineTools/usr/bin/cc     -o CMakeFiles/cmTC_ea70e.dir/CheckSymbolExists.c.o   -c /Users/cameron/school/cpe471/dice/build/CMakeFiles/CMakeTmp/CheckSymbolExists.c
Linking C executable cmTC_ea70e
/usr/local/Cellar/cmake/3.7.1/bin/cmake -E cmake_link_script CMakeFiles/cmTC_ea70e.dir/link.txt --verbose=1
/Library/Developer/CommandLineTools/usr/bin/cc    -Wl,-search_paths_first -Wl,-headerpad_max_install_names   CMakeFiles/cmTC_ea70e.dir/CheckSymbolExists.c.o  -o cmTC_ea70e  

File /Users/cameron/school/cpe471/dice/build/CMakeFiles/CMakeTmp/CheckSymbolExists.c:
/* */
#include <pthread.h>

int main(int argc, char** argv)
{
  (void)argv;
#ifndef pthread_create
  return ((int*)(&pthread_create))[argc];
#else
  (void)argc;
  return 0;
#endif
}

Determining if the include file pthread.h exists passed with the following output:
Change Dir: /Users/cameron/school/cpe471/dice/build/CMakeFiles/CMakeTmp

Run Build Command:"/usr/bin/make" "cmTC_817f0/fast"
/Library/Developer/CommandLineTools/usr/bin/make -f CMakeFiles/cmTC_817f0.dir/build.make CMakeFiles/cmTC_817f0.dir/build
Building C object CMakeFiles/cmTC_817f0.dir/CheckIncludeFile.c.o
/Library/Developer/CommandLineTools/usr/bin/cc     -o CMakeFiles/cmTC_817f0.dir/CheckIncludeFile.c.o   -c /Users/cameron/school/cpe471/dice/build/CMakeFiles/CMakeTmp/CheckIncludeFile.c
Linking C executable cmTC_817f0
/usr/local/Cellar/cmake/3.7.1/bin/cmake -E cmake_link_script CMakeFiles/cmTC_817f0.dir/link.txt --verbose=1
/Library/Developer/CommandLineTools/usr/bin/cc    -Wl,-search_paths_first -Wl,-headerpad_max_install_names   CMakeFiles/cmTC_817f0.dir/CheckIncludeFile.c.o  -o cmTC_817f0  


Determining if the pthread_create exist passed with the following output:
Change Dir: /Users/cameron/school/cpe471/dice/build/CMakeFiles/CMakeTmp

Run Build Command:"/usr/bin/make" "cmTC_cc519/fast"
/Library/Developer/CommandLineTools/usr/bin/make -f CMakeFiles/cmTC_cc519.dir/build.make CMakeFiles/cmTC_cc519.dir/build
Building C object CMakeFiles/cmTC_cc519.dir/CheckSymbolExists.c.o
/Library/Developer/CommandLineTools/usr/bin/cc     -o CMakeFiles/cmTC_cc519.dir/CheckSymbolExists.c.o   -c /Users/cameron/school/cpe471/dice/build/CMakeFiles/CMakeTmp/CheckSymbolExists.c
Linking C executable cmTC_cc519
/usr/local/Cellar/cmake/3.7.1/bin/cmake -E cmake_link_script CMakeFiles/cmTC_cc519.dir/link.txt --verbose=1
/Library/Developer/CommandLineTools/usr/bin/cc    -Wl,-search_paths_first -Wl,-headerpad_max_install_names   CMakeFiles/cmTC_cc519.dir/CheckSymbolExists.c.o  -o cmTC_cc519  

File /Users/cameron/school/cpe471/dice/build/CMakeFiles/CMakeTmp/CheckSymbolExists.c:
/* */
#include <pthread.h>

int main(int argc, char** argv)
{
  (void)argv;
#ifndef pthread_create
  return ((int*)(&pthread_create))[argc];
#else
  (void)argc;
  return 0;
#endif
}

Determining if the include file pthread.h exists passed with the following output:
Change Dir: /Users/cameron/school/cpe471/dice/build/CMakeFiles/CMakeTmp

Run Build Command:"/usr/bin/make" "cmTC_dbfef/fast"
/Library/Developer/CommandLineTools/usr/bin/make -f CMakeFiles/cmTC_dbfef.dir/build.make CMakeFiles/cmTC_dbfef.dir/build
Building C object CMakeFiles/cmTC_dbfef.dir/CheckIncludeFile.c.o
/Library/Developer/CommandLineTools/usr/bin/cc     -o CMakeFiles/cmTC_dbfef.dir/CheckIncludeFile.c.o   -c /Users/cameron/school/cpe471/dice/build/CMakeFiles/CMakeTmp/CheckIncludeFile.c
Linking C executable cmTC_dbfef
/usr/local/Cellar/cmake/3.7.1/bin/cmake -E cmake_link_script CMakeFiles/cmTC_dbfef.dir/link.txt --verbose=1
/Library/Developer/CommandLineTools/usr/bin/cc    -Wl,-search_paths_first -Wl,-headerpad_max_install_names   CMakeFiles/cmTC_dbfef.dir/CheckIncludeFile.c.o  -o cmTC_dbfef  


Determining if the pthread_create exist passed with the following output:
Change Dir: /Users/cameron/school/cpe471/dice/build/CMakeFiles/CMakeTmp

Run Build Command:"/usr/bin/make" "cmTC_c9496/fast"
/Library/Developer/CommandLineTools/usr/bin/make -f CMakeFiles/cmTC_c9496.dir/build.make CMakeFiles/cmTC_c9496.dir/build
Building C object CMakeFiles/cmTC_c9496.dir/CheckSymbolExists.c.o
/Library/Developer/CommandLineTools/usr/bin/cc     -o CMakeFiles/cmTC_c9496.dir/CheckSymbolExists.c.o   -c /Users/cameron/school/cpe471/dice/build/CMakeFiles/CMakeTmp/CheckSymbolExists.c
Linking C executable cmTC_c9496
/usr/local/Cellar/cmake/3.7.1/bin/cmake -E cmake_link_script CMakeFiles/cmTC_c9496.dir/link.txt --verbose=1
/Library/Developer/CommandLineTools/usr/bin/cc    -Wl,-search_paths_first -Wl,-headerpad_max_install_names   CMakeFiles/cmTC_c9496.dir/CheckSymbolExists.c.o  -o cmTC_c9496  

File /Users/cameron/school/cpe471/dice/build/CMakeFiles/CMakeTmp/CheckSymbolExists.c:
/* */
#include <pthread.h>

int main(int argc, char** argv)
{
  (void)argv;
#ifndef pthread_create
  return ((int*)(&pthread_create))[argc];
#else
  (void)argc;
  return 0;
#endif
}

Determining if the include file pthread.h exists passed with the following output:
Change Dir: /Users/cameron/school/cpe471/dice/build/CMakeFiles/CMakeTmp

Run Build Command:"/usr/bin/make" "cmTC_34d6a/fast"
/Library/Developer/CommandLineTools/usr/bin/make -f CMakeFiles/cmTC_34d6a.dir/build.make CMakeFiles/cmTC_34d6a.dir/build
Building C object CMakeFiles/cmTC_34d6a.dir/CheckIncludeFile.c.o
/Library/Developer/CommandLineTools/usr/bin/cc     -o CMakeFiles/cmTC_34d6a.dir/CheckIncludeFile.c.o   -c /Users/cameron/school/cpe471/dice/build/CMakeFiles/CMakeTmp/CheckIncludeFile.c
Linking C executable cmTC_34d6a
/usr/local/Cellar/cmake/3.7.1/bin/cmake -E cmake_link_script CMakeFiles/cmTC_34d6a.dir/link.txt --verbose=1
/Library/Developer/CommandLineTools/usr/bin/cc    -Wl,-search_paths_first -Wl,-headerpad_max_install_names   CMakeFiles/cmTC_34d6a.dir/CheckIncludeFile.c.o  -o cmTC_34d6a  


Determining if the pthread_create exist passed with the following output:
Change Dir: /Users/cameron/school/cpe471/dice/build/CMakeFiles/CMakeTmp

Run Build Command:"/usr/bin/make" "cmTC_21803/fast"
/Library/Developer/CommandLineTools/usr/bin/make -f CMakeFiles/cmTC_21803.dir/build.make CMakeFiles/cmTC_21803.dir/build
Building C object CMakeFiles/cmTC_21803.dir/CheckSymbolExists.c.o
/Library/Developer/CommandLineTools/usr/bin/cc     -o CMakeFiles/cmTC_21803.dir/CheckSymbolExists.c.o   -c /Users/cameron/school/cpe471/dice/build/CMakeFiles/CMakeTmp/CheckSymbolExists.c
Linking C executable cmTC_21803
/usr/local/Cellar/cmake/3.7.1/bin/cmake -E cmake_link_script CMakeFiles/cmTC_21803.dir/link.txt --verbose=1
/Library/Developer/CommandLineTools/usr/bin/cc    -Wl,-search_paths_first -Wl,-headerpad_max_install_names   CMakeFiles/cmTC_21803.dir/CheckSymbolExists.c.o  -o cmTC_21803  

File /Users/cameron/school/cpe471/dice/build/CMakeFiles/CMakeTmp/CheckSymbolExists.c:
/* */
#include <pthread.h>

int main(int argc, char** argv)
{
  (void)argv;
#ifndef pthread_create
  return ((int*)(&pthread_create))[argc];
#else
  (void)argc;
  return 0;
#endif
}

Determining if the include file pthread.h exists passed with the following output:
Change Dir: /Users/cameron/school/cpe471/dice/build/CMakeFiles/CMakeTmp

Run Build Command:"/usr/bin/make" "cmTC_199dc/fast"
/Library/Developer/CommandLineTools/usr/bin/make -f CMakeFiles/cmTC_199dc.dir/build.make CMakeFiles/cmTC_199dc.dir/build
Building C object CMakeFiles/cmTC_199dc.dir/CheckIncludeFile.c.o
/Library/Developer/CommandLineTools/usr/bin/cc     -o CMakeFiles/cmTC_199dc.dir/CheckIncludeFile.c.o   -c /Users/cameron/school/cpe471/dice/build/CMakeFiles/CMakeTmp/CheckIncludeFile.c
Linking C executable cmTC_199dc
/usr/local/Cellar/cmake/3.7.1/bin/cmake -E cmake_link_script CMakeFiles/cmTC_199dc.dir/link.txt --verbose=1
/Library/Developer/CommandLineTools/usr/bin/cc    -Wl,-search_paths_first -Wl,-headerpad_max_install_names   CMakeFiles/cmTC_199dc.dir/CheckIncludeFile.c.o  -o cmTC_199dc  


Determining if the pthread_create exist passed with the following output:
Change Dir: /Users/cameron/school/cpe471/dice/build/CMakeFiles/CMakeTmp

Run Build Command:"/usr/bin/make" "cmTC_f111d/fast"
/Library/Developer/CommandLineTools/usr/bin/make -f CMakeFiles/cmTC_f111d.dir/build.make CMakeFiles/cmTC_f111d.dir/build
Building C object CMakeFiles/cmTC_f111d.dir/CheckSymbolExists.c.o
/Library/Developer/CommandLineTools/usr/bin/cc     -o CMakeFiles/cmTC_f111d.dir/CheckSymbolExists.c.o   -c /Users/cameron/school/cpe471/dice/build/CMakeFiles/CMakeTmp/CheckSymbolExists.c
Linking C executable cmTC_f111d
/usr/local/Cellar/cmake/3.7.1/bin/cmake -E cmake_link_script CMakeFiles/cmTC_f111d.dir/link.txt --verbose=1
/Library/Developer/CommandLineTools/usr/bin/cc    -Wl,-search_paths_first -Wl,-headerpad_max_install_names   CMakeFiles/cmTC_f111d.dir/CheckSymbolExists.c.o  -o cmTC_f111d  

File /Users/cameron/school/cpe471/dice/build/CMakeFiles/CMakeTmp/CheckSymbolExists.c:
/* */
#include <pthread.h>

int main(int argc, char** argv)
{
  (void)argv;
#ifndef pthread_create
  return ((int*)(&pthread_create))[argc];
#else
  (void)argc;
  return 0;
#endif
}

Determining if the include file pthread.h exists passed with the following output:
Change Dir: /Users/cameron/school/cpe471/dice/build/CMakeFiles/CMakeTmp

Run Build Command:"/usr/bin/make" "cmTC_362f8/fast"
/Library/Developer/CommandLineTools/usr/bin/make -f CMakeFiles/cmTC_362f8.dir/build.make CMakeFiles/cmTC_362f8.dir/build
Building C object CMakeFiles/cmTC_362f8.dir/CheckIncludeFile.c.o
/Library/Developer/CommandLineTools/usr/bin/cc     -o CMakeFiles/cmTC_362f8.dir/CheckIncludeFile.c.o   -c /Users/cameron/school/cpe471/dice/build/CMakeFiles/CMakeTmp/CheckIncludeFile.c
Linking C executable cmTC_362f8
/usr/local/Cellar/cmake/3.7.1/bin/cmake -E cmake_link_script CMakeFiles/cmTC_362f8.dir/link.txt --verbose=1
/Library/Developer/CommandLineTools/usr/bin/cc    -Wl,-search_paths_first -Wl,-headerpad_max_install_names   CMakeFiles/cmTC_362f8.dir/CheckIncludeFile.c.o  -o cmTC_362f8  


Determining if the pthread_create exist passed with the following output:
Change Dir: /Users/cameron/school/cpe471/dice/build/CMakeFiles/CMakeTmp

Run Build Command:"/usr/bin/make" "cmTC_7b73e/fast"
/Library/Developer/CommandLineTools/usr/bin/make -f CMakeFiles/cmTC_7b73e.dir/build.make CMakeFiles/cmTC_7b73e.dir/build
Building C object CMakeFiles/cmTC_7b73e.dir/CheckSymbolExists.c.o
/Library/Developer/CommandLineTools/usr/bin/cc     -o CMakeFiles/cmTC_7b73e.dir/CheckSymbolExists.c.o   -c /Users/cameron/school/cpe471/dice/build/CMakeFiles/CMakeTmp/CheckSymbolExists.c
Linking C executable cmTC_7b73e
/usr/local/Cellar/cmake/3.7.1/bin/cmake -E cmake_link_script CMakeFiles/cmTC_7b73e.dir/link.txt --verbose=1
/Library/Developer/CommandLineTools/usr/bin/cc    -Wl,-search_paths_first -Wl,-headerpad_max_install_names   CMakeFiles/cmTC_7b73e.dir/CheckSymbolExists.c.o  -o cmTC_7b73e  

File /Users/cameron/school/cpe471/dice/build/CMakeFiles/CMakeTmp/CheckSymbolExists.c:
/* */
#include <pthread.h>

int main(int argc, char** argv)
{
  (void)argv;
#ifndef pthread_create
  return ((int*)(&pthread_create))[argc];
#else
  (void)argc;
  return 0;
#endif
}

Determining if the include file pthread.h exists passed with the following output:
Change Dir: /Users/cameron/school/cpe471/dice/build/CMakeFiles/CMakeTmp

Run Build Command:"/usr/bin/make" "cmTC_d07f6/fast"
/Library/Developer/CommandLineTools/usr/bin/make -f CMakeFiles/cmTC_d07f6.dir/build.make CMakeFiles/cmTC_d07f6.dir/build
Building C object CMakeFiles/cmTC_d07f6.dir/CheckIncludeFile.c.o
/Library/Developer/CommandLineTools/usr/bin/cc     -o CMakeFiles/cmTC_d07f6.dir/CheckIncludeFile.c.o   -c /Users/cameron/school/cpe471/dice/build/CMakeFiles/CMakeTmp/CheckIncludeFile.c
Linking C executable cmTC_d07f6
/usr/local/Cellar/cmake/3.7.1/bin/cmake -E cmake_link_script CMakeFiles/cmTC_d07f6.dir/link.txt --verbose=1
/Library/Developer/CommandLineTools/usr/bin/cc    -Wl,-search_paths_first -Wl,-headerpad_max_install_names   CMakeFiles/cmTC_d07f6.dir/CheckIncludeFile.c.o  -o cmTC_d07f6  


Determining if the pthread_create exist passed with the following output:
Change Dir: /Users/cameron/school/cpe471/dice/build/CMakeFiles/CMakeTmp

Run Build Command:"/usr/bin/make" "cmTC_b6aef/fast"
/Library/Developer/CommandLineTools/usr/bin/make -f CMakeFiles/cmTC_b6aef.dir/build.make CMakeFiles/cmTC_b6aef.dir/build
Building C object CMakeFiles/cmTC_b6aef.dir/CheckSymbolExists.c.o
/Library/Developer/CommandLineTools/usr/bin/cc     -o CMakeFiles/cmTC_b6aef.dir/CheckSymbolExists.c.o   -c /Users/cameron/school/cpe471/dice/build/CMakeFiles/CMakeTmp/CheckSymbolExists.c
Linking C executable cmTC_b6aef
/usr/local/Cellar/cmake/3.7.1/bin/cmake -E cmake_link_script CMakeFiles/cmTC_b6aef.dir/link.txt --verbose=1
/Library/Developer/CommandLineTools/usr/bin/cc    -Wl,-search_paths_first -Wl,-headerpad_max_install_names   CMakeFiles/cmTC_b6aef.dir/CheckSymbolExists.c.o  -o cmTC_b6aef  

File /Users/cameron/school/cpe471/dice/build/CMakeFiles/CMakeTmp/CheckSymbolExists.c:
/* */
#include <pthread.h>

int main(int argc, char** argv)
{
  (void)argv;
#ifndef pthread_create
  return ((int*)(&pthread_create))[argc];
#else
  (void)argc;
  return 0;
#endif
}

Determining if the include file pthread.h exists passed with the following output:
Change Dir: /Users/cameron/school/cpe471/dice/build/CMakeFiles/CMakeTmp

Run Build Command:"/usr/bin/make" "cmTC_685bd/fast"
/Library/Developer/CommandLineTools/usr/bin/make -f CMakeFiles/cmTC_685bd.dir/build.make CMakeFiles/cmTC_685bd.dir/build
Building C object CMakeFiles/cmTC_685bd.dir/CheckIncludeFile.c.o
/Library/Developer/CommandLineTools/usr/bin/cc     -o CMakeFiles/cmTC_685bd.dir/CheckIncludeFile.c.o   -c /Users/cameron/school/cpe471/dice/build/CMakeFiles/CMakeTmp/CheckIncludeFile.c
Linking C executable cmTC_685bd
/usr/local/Cellar/cmake/3.7.1/bin/cmake -E cmake_link_script CMakeFiles/cmTC_685bd.dir/link.txt --verbose=1
/Library/Developer/CommandLineTools/usr/bin/cc    -Wl,-search_paths_first -Wl,-headerpad_max_install_names   CMakeFiles/cmTC_685bd.dir/CheckIncludeFile.c.o  -o cmTC_685bd  


Determining if the pthread_create exist passed with the following output:
Change Dir: /Users/cameron/school/cpe471/dice/build/CMakeFiles/CMakeTmp

Run Build Command:"/usr/bin/make" "cmTC_b2430/fast"
/Library/Developer/CommandLineTools/usr/bin/make -f CMakeFiles/cmTC_b2430.dir/build.make CMakeFiles/cmTC_b2430.dir/build
Building C object CMakeFiles/cmTC_b2430.dir/CheckSymbolExists.c.o
/Library/Developer/CommandLineTools/usr/bin/cc     -o CMakeFiles/cmTC_b2430.dir/CheckSymbolExists.c.o   -c /Users/cameron/school/cpe471/dice/build/CMakeFiles/CMakeTmp/CheckSymbolExists.c
Linking C executable cmTC_b2430
/usr/local/Cellar/cmake/3.7.1/bin/cmake -E cmake_link_script CMakeFiles/cmTC_b2430.dir/link.txt --verbose=1
/Library/Developer/CommandLineTools/usr/bin/cc    -Wl,-search_paths_first -Wl,-headerpad_max_install_names   CMakeFiles/cmTC_b2430.dir/CheckSymbolExists.c.o  -o cmTC_b2430  

File /Users/cameron/school/cpe471/dice/build/CMakeFiles/CMakeTmp/CheckSymbolExists.c:
/* */
#include <pthread.h>

int main(int argc, char** argv)
{
  (void)argv;
#ifndef pthread_create
  return ((int*)(&pthread_create))[argc];
#else
  (void)argc;
  return 0;
#endif
}

